<?xml version="1.0" encoding="UTF-8"?>
<coverage generated="1678112542473" clover="3.2.0">
  <project timestamp="1678112542474" name="All files">
    <metrics statements="75" coveredstatements="69" conditionals="21" coveredconditionals="19" methods="14" coveredmethods="14" elements="110" coveredelements="102" complexity="0" loc="75" ncloc="75" packages="1" files="1" classes="1"/>
    <file name="utilities.ts" path="C:\Users\Carlo\Desktop\development-unofficial\tetris-logic\src\utilities.ts">
      <metrics statements="75" coveredstatements="69" conditionals="21" coveredconditionals="19" methods="14" coveredmethods="14"/>
      <line num="3" count="1" type="stmt"/>
      <line num="4" count="9" type="stmt"/>
      <line num="6" count="9" type="stmt"/>
      <line num="7" count="31" type="stmt"/>
      <line num="8" count="149" type="cond" truecount="1" falsecount="0"/>
      <line num="9" count="117" type="stmt"/>
      <line num="14" count="9" type="stmt"/>
      <line num="17" count="1" type="stmt"/>
      <line num="22" count="9" type="stmt"/>
      <line num="23" count="9" type="stmt"/>
      <line num="25" count="9" type="stmt"/>
      <line num="26" count="117" type="stmt"/>
      <line num="28" count="117" type="stmt"/>
      <line num="29" count="161" type="stmt"/>
      <line num="30" count="303" type="stmt"/>
      <line num="31" count="303" type="stmt"/>
      <line num="34" count="303" type="cond" truecount="4" falsecount="0"/>
      <line num="39" count="303" type="stmt"/>
      <line num="41" count="303" type="cond" truecount="2" falsecount="0"/>
      <line num="42" count="50" type="stmt"/>
      <line num="44" count="253" type="stmt"/>
      <line num="47" count="303" type="stmt"/>
      <line num="51" count="117" type="cond" truecount="1" falsecount="0"/>
      <line num="52" count="99" type="stmt"/>
      <line num="55" count="9" type="stmt"/>
      <line num="58" count="1" type="stmt"/>
      <line num="59" count="30" type="stmt"/>
      <line num="61" count="30" type="stmt"/>
      <line num="62" count="105" type="cond" truecount="1" falsecount="0"/>
      <line num="63" count="28" type="stmt"/>
      <line num="67" count="30" type="stmt"/>
      <line num="70" count="1" type="stmt"/>
      <line num="71" count="8" type="stmt"/>
      <line num="73" count="8" type="stmt"/>
      <line num="74" count="8" type="stmt"/>
      <line num="76" count="8" type="stmt"/>
      <line num="77" count="28" type="stmt"/>
      <line num="80" count="8" type="cond" truecount="2" falsecount="0"/>
      <line num="81" count="2" type="stmt"/>
      <line num="83" count="6" type="stmt"/>
      <line num="89" count="1" type="stmt"/>
      <line num="90" count="1" type="stmt"/>
      <line num="92" count="1" type="stmt"/>
      <line num="93" count="4" type="stmt"/>
      <line num="96" count="1" type="stmt"/>
      <line num="97" count="4" type="stmt"/>
      <line num="98" count="12" type="stmt"/>
      <line num="102" count="1" type="stmt"/>
      <line num="105" count="1" type="stmt"/>
      <line num="106" count="1" type="stmt"/>
      <line num="108" count="1" type="cond" truecount="2" falsecount="1"/>
      <line num="109" count="0" type="stmt"/>
      <line num="112" count="1" type="stmt"/>
      <line num="113" count="1" type="stmt"/>
      <line num="115" count="1" type="stmt"/>
      <line num="117" count="1" type="stmt"/>
      <line num="118" count="4" type="stmt"/>
      <line num="120" count="4" type="cond" truecount="1" falsecount="0"/>
      <line num="121" count="1" type="stmt"/>
      <line num="122" count="3" type="stmt"/>
      <line num="126" count="4" type="cond" truecount="1" falsecount="0"/>
      <line num="127" count="3" type="stmt"/>
      <line num="128" count="9" type="cond" truecount="2" falsecount="0"/>
      <line num="129" count="6" type="stmt"/>
      <line num="131" count="3" type="stmt"/>
      <line num="137" count="1" type="stmt"/>
      <line num="140" count="1" type="stmt"/>
      <line num="141" count="1" type="stmt"/>
      <line num="143" count="1" type="cond" truecount="2" falsecount="1"/>
      <line num="144" count="1" type="stmt"/>
      <line num="147" count="0" type="stmt"/>
      <line num="148" count="0" type="stmt"/>
      <line num="150" count="0" type="stmt"/>
      <line num="151" count="0" type="stmt"/>
      <line num="153" count="0" type="stmt"/>
    </file>
  </project>
</coverage>
