{"C:\\Users\\Carlo\\Desktop\\development-unofficial\\tetris-logic\\src\\poker\\utilities.ts": {"path":"C:\\Users\\Carlo\\Desktop\\development-unofficial\\tetris-logic\\src\\poker\\utilities.ts","statementMap":{"0":{"start":{"line":3,"column":32},"end":{"line":5,"column":1}},"1":{"start":{"line":4,"column":2},"end":{"line":4,"column":70}},"2":{"start":{"line":4,"column":43},"end":{"line":4,"column":68}},"3":{"start":{"line":3,"column":13},"end":{"line":3,"column":32}},"4":{"start":{"line":7,"column":24},"end":{"line":18,"column":1}},"5":{"start":{"line":8,"column":19},"end":{"line":15,"column":4}},"6":{"start":{"line":9,"column":21},"end":{"line":9,"column":40}},"7":{"start":{"line":11,"column":4},"end":{"line":13,"column":null}},"8":{"start":{"line":12,"column":6},"end":{"line":12,"column":19}},"9":{"start":{"line":14,"column":4},"end":{"line":14,"column":39}},"10":{"start":{"line":17,"column":2},"end":{"line":17,"column":20}},"11":{"start":{"line":7,"column":13},"end":{"line":7,"column":24}},"12":{"start":{"line":20,"column":29},"end":{"line":42,"column":1}},"13":{"start":{"line":21,"column":12},"end":{"line":35,"column":8}},"14":{"start":{"line":22,"column":4},"end":{"line":24,"column":null}},"15":{"start":{"line":23,"column":6},"end":{"line":23,"column":20}},"16":{"start":{"line":26,"column":18},"end":{"line":26,"column":55}},"17":{"start":{"line":28,"column":4},"end":{"line":30,"column":null}},"18":{"start":{"line":29,"column":6},"end":{"line":29,"column":20}},"19":{"start":{"line":32,"column":4},"end":{"line":32,"column":19}},"20":{"start":{"line":34,"column":4},"end":{"line":34,"column":15}},"21":{"start":{"line":37,"column":2},"end":{"line":39,"column":null}},"22":{"start":{"line":38,"column":4},"end":{"line":38,"column":14}},"23":{"start":{"line":41,"column":2},"end":{"line":41,"column":47}},"24":{"start":{"line":20,"column":13},"end":{"line":20,"column":29}},"25":{"start":{"line":44,"column":29},"end":{"line":49,"column":1}},"26":{"start":{"line":45,"column":23},"end":{"line":45,"column":46}},"27":{"start":{"line":46,"column":24},"end":{"line":46,"column":51}},"28":{"start":{"line":48,"column":2},"end":{"line":48,"column":36}},"29":{"start":{"line":44,"column":13},"end":{"line":44,"column":29}},"30":{"start":{"line":51,"column":26},"end":{"line":61,"column":1}},"31":{"start":{"line":52,"column":16},"end":{"line":55,"column":8}},"32":{"start":{"line":53,"column":4},"end":{"line":53,"column":64}},"33":{"start":{"line":54,"column":4},"end":{"line":54,"column":15}},"34":{"start":{"line":57,"column":18},"end":{"line":57,"column":39}},"35":{"start":{"line":58,"column":20},"end":{"line":58,"column":56}},"36":{"start":{"line":58,"column":43},"end":{"line":58,"column":55}},"37":{"start":{"line":60,"column":2},"end":{"line":60,"column":30}},"38":{"start":{"line":51,"column":13},"end":{"line":51,"column":26}},"39":{"start":{"line":63,"column":31},"end":{"line":74,"column":1}},"40":{"start":{"line":64,"column":22},"end":{"line":64,"column":45}},"41":{"start":{"line":65,"column":26},"end":{"line":65,"column":52}},"42":{"start":{"line":66,"column":21},"end":{"line":66,"column":41}},"43":{"start":{"line":67,"column":18},"end":{"line":67,"column":45}},"44":{"start":{"line":69,"column":2},"end":{"line":71,"column":null}},"45":{"start":{"line":70,"column":4},"end":{"line":70,"column":28}},"46":{"start":{"line":73,"column":2},"end":{"line":73,"column":34}},"47":{"start":{"line":63,"column":13},"end":{"line":63,"column":31}}},"fnMap":{"0":{"name":"(anonymous_0)","decl":{"start":{"line":3,"column":32},"end":{"line":3,"column":33}},"loc":{"start":{"line":3,"column":50},"end":{"line":5,"column":1}}},"1":{"name":"(anonymous_1)","decl":{"start":{"line":4,"column":25},"end":{"line":4,"column":26}},"loc":{"start":{"line":4,"column":43},"end":{"line":4,"column":68}}},"2":{"name":"(anonymous_2)","decl":{"start":{"line":7,"column":24},"end":{"line":7,"column":25}},"loc":{"start":{"line":7,"column":42},"end":{"line":18,"column":1}}},"3":{"name":"(anonymous_3)","decl":{"start":{"line":8,"column":30},"end":{"line":8,"column":31}},"loc":{"start":{"line":8,"column":49},"end":{"line":15,"column":3}}},"4":{"name":"(anonymous_4)","decl":{"start":{"line":20,"column":29},"end":{"line":20,"column":30}},"loc":{"start":{"line":20,"column":47},"end":{"line":42,"column":1}}},"5":{"name":"(anonymous_5)","decl":{"start":{"line":21,"column":25},"end":{"line":21,"column":26}},"loc":{"start":{"line":21,"column":57},"end":{"line":35,"column":3}}},"6":{"name":"(anonymous_6)","decl":{"start":{"line":44,"column":29},"end":{"line":44,"column":30}},"loc":{"start":{"line":44,"column":47},"end":{"line":49,"column":1}}},"7":{"name":"(anonymous_7)","decl":{"start":{"line":51,"column":26},"end":{"line":51,"column":27}},"loc":{"start":{"line":51,"column":44},"end":{"line":61,"column":1}}},"8":{"name":"(anonymous_8)","decl":{"start":{"line":52,"column":29},"end":{"line":52,"column":30}},"loc":{"start":{"line":52,"column":66},"end":{"line":55,"column":3}}},"9":{"name":"(anonymous_9)","decl":{"start":{"line":58,"column":33},"end":{"line":58,"column":34}},"loc":{"start":{"line":58,"column":43},"end":{"line":58,"column":55}}},"10":{"name":"(anonymous_10)","decl":{"start":{"line":63,"column":31},"end":{"line":63,"column":32}},"loc":{"start":{"line":63,"column":49},"end":{"line":74,"column":1}}}},"branchMap":{"0":{"loc":{"start":{"line":9,"column":21},"end":{"line":9,"column":40}},"type":"cond-expr","locations":[{"start":{"line":9,"column":33},"end":{"line":9,"column":35}},{"start":{"line":9,"column":33},"end":{"line":9,"column":40}}]},"1":{"loc":{"start":{"line":9,"column":21},"end":{"line":9,"column":35}},"type":"binary-expr","locations":[{"start":{"line":9,"column":21},"end":{"line":9,"column":35}},{"start":{"line":9,"column":33},"end":{"line":9,"column":35}}]},"2":{"loc":{"start":{"line":11,"column":4},"end":{"line":13,"column":null}},"type":"if","locations":[{"start":{"line":11,"column":4},"end":{"line":13,"column":null}}]},"3":{"loc":{"start":{"line":22,"column":4},"end":{"line":24,"column":null}},"type":"if","locations":[{"start":{"line":22,"column":4},"end":{"line":24,"column":null}}]},"4":{"loc":{"start":{"line":28,"column":4},"end":{"line":30,"column":null}},"type":"if","locations":[{"start":{"line":28,"column":4},"end":{"line":30,"column":null}}]},"5":{"loc":{"start":{"line":37,"column":2},"end":{"line":39,"column":null}},"type":"if","locations":[{"start":{"line":37,"column":2},"end":{"line":39,"column":null}}]},"6":{"loc":{"start":{"line":53,"column":22},"end":{"line":53,"column":63}},"type":"cond-expr","locations":[{"start":{"line":53,"column":40},"end":{"line":53,"column":59}},{"start":{"line":53,"column":62},"end":{"line":53,"column":63}}]},"7":{"loc":{"start":{"line":60,"column":9},"end":{"line":60,"column":29}},"type":"binary-expr","locations":[{"start":{"line":60,"column":9},"end":{"line":60,"column":23}},{"start":{"line":60,"column":27},"end":{"line":60,"column":29}}]},"8":{"loc":{"start":{"line":60,"column":9},"end":{"line":60,"column":23}},"type":"cond-expr","locations":[{"start":{"line":60,"column":18},"end":{"line":60,"column":21}},{"start":{"line":60,"column":9},"end":{"line":60,"column":23}}]},"9":{"loc":{"start":{"line":60,"column":9},"end":{"line":60,"column":21}},"type":"binary-expr","locations":[{"start":{"line":60,"column":9},"end":{"line":60,"column":21}},{"start":{"line":60,"column":9},"end":{"line":60,"column":21}}]},"10":{"loc":{"start":{"line":69,"column":2},"end":{"line":71,"column":null}},"type":"if","locations":[{"start":{"line":69,"column":2},"end":{"line":71,"column":null}}]},"11":{"loc":{"start":{"line":69,"column":6},"end":{"line":69,"column":29}},"type":"binary-expr","locations":[{"start":{"line":69,"column":6},"end":{"line":69,"column":17}},{"start":{"line":69,"column":21},"end":{"line":69,"column":29}}]}},"s":{"0":1,"1":5,"2":55,"3":1,"4":1,"5":46,"6":73,"7":73,"8":29,"9":44,"10":46,"11":1,"12":1,"13":7,"14":49,"15":7,"16":42,"17":42,"18":15,"19":27,"20":27,"21":7,"22":3,"23":4,"24":1,"25":1,"26":2,"27":2,"28":2,"29":1,"30":1,"31":4,"32":19,"33":19,"34":4,"35":4,"36":7,"37":4,"38":1,"39":1,"40":2,"41":2,"42":2,"43":2,"44":2,"45":1,"46":1,"47":1},"f":{"0":5,"1":55,"2":46,"3":73,"4":7,"5":49,"6":2,"7":4,"8":19,"9":7,"10":2},"b":{"0":[29,44],"1":[73,73],"2":[29],"3":[7],"4":[15],"5":[3],"6":[11,8],"7":[4,2],"8":[2,2],"9":[4,4],"10":[1],"11":[2,1]}}
,"C:\\Users\\Carlo\\Desktop\\development-unofficial\\tetris-logic\\src\\tetris\\utilities.ts": {"path":"C:\\Users\\Carlo\\Desktop\\development-unofficial\\tetris-logic\\src\\tetris\\utilities.ts","statementMap":{"0":{"start":{"line":3,"column":28},"end":{"line":15,"column":1}},"1":{"start":{"line":4,"column":34},"end":{"line":4,"column":36}},"2":{"start":{"line":6,"column":2},"end":{"line":12,"column":5}},"3":{"start":{"line":7,"column":4},"end":{"line":11,"column":7}},"4":{"start":{"line":8,"column":6},"end":{"line":10,"column":null}},"5":{"start":{"line":9,"column":8},"end":{"line":9,"column":39}},"6":{"start":{"line":14,"column":2},"end":{"line":14,"column":19}},"7":{"start":{"line":3,"column":13},"end":{"line":3,"column":28}},"8":{"start":{"line":17,"column":36},"end":{"line":56,"column":1}},"9":{"start":{"line":22,"column":34},"end":{"line":22,"column":38}},"10":{"start":{"line":23,"column":42},"end":{"line":23,"column":44}},"11":{"start":{"line":25,"column":2},"end":{"line":54,"column":5}},"12":{"start":{"line":26,"column":34},"end":{"line":26,"column":36}},"13":{"start":{"line":28,"column":4},"end":{"line":49,"column":null}},"14":{"start":{"line":28,"column":17},"end":{"line":28,"column":18}},"15":{"start":{"line":29,"column":6},"end":{"line":48,"column":null}},"16":{"start":{"line":29,"column":19},"end":{"line":29,"column":20}},"17":{"start":{"line":30,"column":16},"end":{"line":30,"column":28}},"18":{"start":{"line":31,"column":16},"end":{"line":31,"column":28}},"19":{"start":{"line":34,"column":10},"end":{"line":37,"column":34}},"20":{"start":{"line":39,"column":20},"end":{"line":39,"column":21}},"21":{"start":{"line":41,"column":8},"end":{"line":45,"column":null}},"22":{"start":{"line":42,"column":10},"end":{"line":42,"column":20}},"23":{"start":{"line":44,"column":10},"end":{"line":44,"column":29}},"24":{"start":{"line":47,"column":8},"end":{"line":47,"column":32}},"25":{"start":{"line":51,"column":4},"end":{"line":53,"column":null}},"26":{"start":{"line":52,"column":6},"end":{"line":52,"column":75}},"27":{"start":{"line":55,"column":2},"end":{"line":55,"column":27}},"28":{"start":{"line":17,"column":13},"end":{"line":17,"column":36}},"29":{"start":{"line":58,"column":31},"end":{"line":68,"column":1}},"30":{"start":{"line":59,"column":14},"end":{"line":59,"column":18}},"31":{"start":{"line":61,"column":2},"end":{"line":65,"column":5}},"32":{"start":{"line":62,"column":4},"end":{"line":64,"column":null}},"33":{"start":{"line":63,"column":6},"end":{"line":63,"column":20}},"34":{"start":{"line":67,"column":2},"end":{"line":67,"column":15}},"35":{"start":{"line":58,"column":13},"end":{"line":58,"column":31}},"36":{"start":{"line":70,"column":29},"end":{"line":85,"column":1}},"37":{"start":{"line":71,"column":34},"end":{"line":71,"column":38}},"38":{"start":{"line":73,"column":20},"end":{"line":73,"column":38}},"39":{"start":{"line":74,"column":28},"end":{"line":74,"column":71}},"40":{"start":{"line":76,"column":20},"end":{"line":77,"column":null}},"41":{"start":{"line":77,"column":4},"end":{"line":77,"column":37}},"42":{"start":{"line":80,"column":2},"end":{"line":84,"column":null}},"43":{"start":{"line":81,"column":4},"end":{"line":81,"column":36}},"44":{"start":{"line":83,"column":4},"end":{"line":83,"column":28}},"45":{"start":{"line":70,"column":13},"end":{"line":70,"column":29}},"46":{"start":{"line":89,"column":35},"end":{"line":103,"column":1}},"47":{"start":{"line":90,"column":30},"end":{"line":90,"column":32}},"48":{"start":{"line":92,"column":2},"end":{"line":94,"column":null}},"49":{"start":{"line":92,"column":15},"end":{"line":92,"column":16}},"50":{"start":{"line":93,"column":4},"end":{"line":93,"column":21}},"51":{"start":{"line":96,"column":2},"end":{"line":100,"column":5}},"52":{"start":{"line":97,"column":4},"end":{"line":99,"column":null}},"53":{"start":{"line":97,"column":17},"end":{"line":97,"column":18}},"54":{"start":{"line":98,"column":6},"end":{"line":98,"column":18}},"55":{"start":{"line":102,"column":2},"end":{"line":102,"column":17}},"56":{"start":{"line":89,"column":13},"end":{"line":89,"column":35}},"57":{"start":{"line":105,"column":26},"end":{"line":138,"column":1}},"58":{"start":{"line":106,"column":34},"end":{"line":106,"column":38}},"59":{"start":{"line":108,"column":2},"end":{"line":110,"column":null}},"60":{"start":{"line":109,"column":4},"end":{"line":109,"column":11}},"61":{"start":{"line":112,"column":18},"end":{"line":112,"column":36}},"62":{"start":{"line":113,"column":15},"end":{"line":113,"column":32}},"63":{"start":{"line":115,"column":30},"end":{"line":115,"column":32}},"64":{"start":{"line":117,"column":2},"end":{"line":135,"column":5}},"65":{"start":{"line":118,"column":4},"end":{"line":118,"column":21}},"66":{"start":{"line":120,"column":4},"end":{"line":124,"column":null}},"67":{"start":{"line":121,"column":6},"end":{"line":123,"column":null}},"68":{"start":{"line":121,"column":19},"end":{"line":121,"column":20}},"69":{"start":{"line":122,"column":8},"end":{"line":122,"column":31}},"70":{"start":{"line":126,"column":4},"end":{"line":134,"column":null}},"71":{"start":{"line":127,"column":6},"end":{"line":133,"column":null}},"72":{"start":{"line":127,"column":19},"end":{"line":127,"column":20}},"73":{"start":{"line":128,"column":8},"end":{"line":132,"column":null}},"74":{"start":{"line":129,"column":10},"end":{"line":129,"column":33}},"75":{"start":{"line":131,"column":10},"end":{"line":131,"column":33}},"76":{"start":{"line":137,"column":2},"end":{"line":137,"column":17}},"77":{"start":{"line":105,"column":13},"end":{"line":105,"column":26}},"78":{"start":{"line":140,"column":35},"end":{"line":154,"column":1}},"79":{"start":{"line":141,"column":34},"end":{"line":141,"column":38}},"80":{"start":{"line":143,"column":2},"end":{"line":145,"column":null}},"81":{"start":{"line":144,"column":4},"end":{"line":144,"column":51}},"82":{"start":{"line":147,"column":15},"end":{"line":147,"column":33}},"83":{"start":{"line":148,"column":18},"end":{"line":148,"column":35}},"84":{"start":{"line":150,"column":27},"end":{"line":150,"column":61}},"85":{"start":{"line":151,"column":18},"end":{"line":151,"column":52}},"86":{"start":{"line":153,"column":2},"end":{"line":153,"column":17}},"87":{"start":{"line":140,"column":13},"end":{"line":140,"column":35}}},"fnMap":{"0":{"name":"(anonymous_0)","decl":{"start":{"line":3,"column":28},"end":{"line":3,"column":29}},"loc":{"start":{"line":3,"column":49},"end":{"line":15,"column":1}}},"1":{"name":"(anonymous_1)","decl":{"start":{"line":6,"column":15},"end":{"line":6,"column":16}},"loc":{"start":{"line":6,"column":26},"end":{"line":12,"column":3}}},"2":{"name":"(anonymous_2)","decl":{"start":{"line":7,"column":16},"end":{"line":7,"column":17}},"loc":{"start":{"line":7,"column":27},"end":{"line":11,"column":5}}},"3":{"name":"(anonymous_3)","decl":{"start":{"line":17,"column":36},"end":{"line":17,"column":null}},"loc":{"start":{"line":21,"column":4},"end":{"line":56,"column":1}}},"4":{"name":"(anonymous_4)","decl":{"start":{"line":25,"column":20},"end":{"line":25,"column":21}},"loc":{"start":{"line":25,"column":31},"end":{"line":54,"column":3}}},"5":{"name":"(anonymous_5)","decl":{"start":{"line":58,"column":31},"end":{"line":58,"column":32}},"loc":{"start":{"line":58,"column":49},"end":{"line":68,"column":1}}},"6":{"name":"(anonymous_6)","decl":{"start":{"line":61,"column":14},"end":{"line":61,"column":15}},"loc":{"start":{"line":61,"column":22},"end":{"line":65,"column":3}}},"7":{"name":"(anonymous_7)","decl":{"start":{"line":70,"column":29},"end":{"line":70,"column":30}},"loc":{"start":{"line":70,"column":66},"end":{"line":85,"column":1}}},"8":{"name":"(anonymous_8)","decl":{"start":{"line":76,"column":43},"end":{"line":76,"column":44}},"loc":{"start":{"line":77,"column":4},"end":{"line":77,"column":37}}},"9":{"name":"(anonymous_9)","decl":{"start":{"line":89,"column":35},"end":{"line":89,"column":36}},"loc":{"start":{"line":89,"column":69},"end":{"line":103,"column":1}}},"10":{"name":"(anonymous_10)","decl":{"start":{"line":96,"column":18},"end":{"line":96,"column":19}},"loc":{"start":{"line":96,"column":26},"end":{"line":100,"column":3}}},"11":{"name":"(anonymous_11)","decl":{"start":{"line":105,"column":26},"end":{"line":105,"column":27}},"loc":{"start":{"line":105,"column":63},"end":{"line":138,"column":1}}},"12":{"name":"(anonymous_12)","decl":{"start":{"line":117,"column":15},"end":{"line":117,"column":16}},"loc":{"start":{"line":117,"column":33},"end":{"line":135,"column":3}}},"13":{"name":"(anonymous_13)","decl":{"start":{"line":140,"column":35},"end":{"line":140,"column":36}},"loc":{"start":{"line":140,"column":54},"end":{"line":154,"column":1}}}},"branchMap":{"0":{"loc":{"start":{"line":8,"column":6},"end":{"line":10,"column":null}},"type":"if","locations":[{"start":{"line":8,"column":6},"end":{"line":10,"column":null}}]},"1":{"loc":{"start":{"line":34,"column":10},"end":{"line":37,"column":34}},"type":"binary-expr","locations":[{"start":{"line":34,"column":10},"end":{"line":34,"column":25}},{"start":{"line":35,"column":10},"end":{"line":35,"column":25}},{"start":{"line":36,"column":10},"end":{"line":36,"column":31}},{"start":{"line":37,"column":10},"end":{"line":37,"column":34}}]},"2":{"loc":{"start":{"line":41,"column":8},"end":{"line":45,"column":null}},"type":"if","locations":[{"start":{"line":41,"column":8},"end":{"line":45,"column":null}},{"start":{"line":43,"column":15},"end":{"line":45,"column":null}}]},"3":{"loc":{"start":{"line":51,"column":4},"end":{"line":53,"column":null}},"type":"if","locations":[{"start":{"line":51,"column":4},"end":{"line":53,"column":null}}]},"4":{"loc":{"start":{"line":62,"column":4},"end":{"line":64,"column":null}},"type":"if","locations":[{"start":{"line":62,"column":4},"end":{"line":64,"column":null}}]},"5":{"loc":{"start":{"line":80,"column":2},"end":{"line":84,"column":null}},"type":"if","locations":[{"start":{"line":80,"column":2},"end":{"line":84,"column":null}},{"start":{"line":82,"column":9},"end":{"line":84,"column":null}}]},"6":{"loc":{"start":{"line":108,"column":2},"end":{"line":110,"column":null}},"type":"if","locations":[{"start":{"line":108,"column":2},"end":{"line":110,"column":null}}]},"7":{"loc":{"start":{"line":108,"column":6},"end":{"line":108,"column":52}},"type":"binary-expr","locations":[{"start":{"line":108,"column":6},"end":{"line":108,"column":27}},{"start":{"line":108,"column":31},"end":{"line":108,"column":52}}]},"8":{"loc":{"start":{"line":120,"column":4},"end":{"line":124,"column":null}},"type":"if","locations":[{"start":{"line":120,"column":4},"end":{"line":124,"column":null}}]},"9":{"loc":{"start":{"line":126,"column":4},"end":{"line":134,"column":null}},"type":"if","locations":[{"start":{"line":126,"column":4},"end":{"line":134,"column":null}}]},"10":{"loc":{"start":{"line":128,"column":8},"end":{"line":132,"column":null}},"type":"if","locations":[{"start":{"line":128,"column":8},"end":{"line":132,"column":null}},{"start":{"line":130,"column":15},"end":{"line":132,"column":null}}]},"11":{"loc":{"start":{"line":143,"column":2},"end":{"line":145,"column":null}},"type":"if","locations":[{"start":{"line":143,"column":2},"end":{"line":145,"column":null}}]},"12":{"loc":{"start":{"line":143,"column":6},"end":{"line":143,"column":52}},"type":"binary-expr","locations":[{"start":{"line":143,"column":6},"end":{"line":143,"column":27}},{"start":{"line":143,"column":31},"end":{"line":143,"column":52}}]}},"s":{"0":1,"1":10,"2":10,"3":35,"4":169,"5":132,"6":10,"7":1,"8":1,"9":10,"10":10,"11":10,"12":132,"13":132,"14":132,"15":176,"16":176,"17":333,"18":333,"19":333,"20":333,"21":333,"22":53,"23":280,"24":333,"25":132,"26":111,"27":10,"28":1,"29":1,"30":33,"31":33,"32":111,"33":30,"34":33,"35":1,"36":1,"37":9,"38":9,"39":9,"40":9,"41":31,"42":9,"43":2,"44":7,"45":1,"46":1,"47":1,"48":1,"49":1,"50":4,"51":1,"52":4,"53":4,"54":12,"55":1,"56":1,"57":1,"58":1,"59":1,"60":0,"61":1,"62":1,"63":1,"64":1,"65":4,"66":4,"67":1,"68":1,"69":3,"70":4,"71":3,"72":3,"73":9,"74":6,"75":3,"76":1,"77":1,"78":1,"79":1,"80":1,"81":1,"82":0,"83":0,"84":0,"85":0,"86":0,"87":1},"f":{"0":10,"1":35,"2":169,"3":10,"4":132,"5":33,"6":111,"7":9,"8":31,"9":1,"10":4,"11":1,"12":4,"13":1},"b":{"0":[132],"1":[333,333,333,309],"2":[53,280],"3":[111],"4":[30],"5":[2,7],"6":[0],"7":[1,1],"8":[1],"9":[3],"10":[6,3],"11":[1],"12":[1,0]}}
}
