{"C:\\Users\\Carlo\\Desktop\\development-unofficial\\tetris-logic\\src\\utilities.ts": {"path":"C:\\Users\\Carlo\\Desktop\\development-unofficial\\tetris-logic\\src\\utilities.ts","statementMap":{"0":{"start":{"line":3,"column":28},"end":{"line":15,"column":1}},"1":{"start":{"line":4,"column":34},"end":{"line":4,"column":36}},"2":{"start":{"line":6,"column":2},"end":{"line":12,"column":5}},"3":{"start":{"line":7,"column":4},"end":{"line":11,"column":7}},"4":{"start":{"line":8,"column":6},"end":{"line":10,"column":null}},"5":{"start":{"line":9,"column":8},"end":{"line":9,"column":39}},"6":{"start":{"line":14,"column":2},"end":{"line":14,"column":19}},"7":{"start":{"line":3,"column":13},"end":{"line":3,"column":28}},"8":{"start":{"line":17,"column":36},"end":{"line":56,"column":1}},"9":{"start":{"line":22,"column":34},"end":{"line":22,"column":38}},"10":{"start":{"line":23,"column":42},"end":{"line":23,"column":44}},"11":{"start":{"line":25,"column":2},"end":{"line":54,"column":5}},"12":{"start":{"line":26,"column":34},"end":{"line":26,"column":36}},"13":{"start":{"line":28,"column":4},"end":{"line":49,"column":null}},"14":{"start":{"line":28,"column":17},"end":{"line":28,"column":18}},"15":{"start":{"line":29,"column":6},"end":{"line":48,"column":null}},"16":{"start":{"line":29,"column":19},"end":{"line":29,"column":20}},"17":{"start":{"line":30,"column":16},"end":{"line":30,"column":28}},"18":{"start":{"line":31,"column":16},"end":{"line":31,"column":28}},"19":{"start":{"line":34,"column":10},"end":{"line":37,"column":34}},"20":{"start":{"line":39,"column":20},"end":{"line":39,"column":21}},"21":{"start":{"line":41,"column":8},"end":{"line":45,"column":null}},"22":{"start":{"line":42,"column":10},"end":{"line":42,"column":20}},"23":{"start":{"line":44,"column":10},"end":{"line":44,"column":29}},"24":{"start":{"line":47,"column":8},"end":{"line":47,"column":32}},"25":{"start":{"line":51,"column":4},"end":{"line":53,"column":null}},"26":{"start":{"line":52,"column":6},"end":{"line":52,"column":75}},"27":{"start":{"line":55,"column":2},"end":{"line":55,"column":27}},"28":{"start":{"line":17,"column":13},"end":{"line":17,"column":36}},"29":{"start":{"line":58,"column":31},"end":{"line":68,"column":1}},"30":{"start":{"line":59,"column":14},"end":{"line":59,"column":18}},"31":{"start":{"line":61,"column":2},"end":{"line":65,"column":5}},"32":{"start":{"line":62,"column":4},"end":{"line":64,"column":null}},"33":{"start":{"line":63,"column":6},"end":{"line":63,"column":20}},"34":{"start":{"line":67,"column":2},"end":{"line":67,"column":15}},"35":{"start":{"line":58,"column":13},"end":{"line":58,"column":31}},"36":{"start":{"line":70,"column":29},"end":{"line":85,"column":1}},"37":{"start":{"line":71,"column":34},"end":{"line":71,"column":38}},"38":{"start":{"line":73,"column":20},"end":{"line":73,"column":38}},"39":{"start":{"line":74,"column":28},"end":{"line":74,"column":71}},"40":{"start":{"line":76,"column":20},"end":{"line":77,"column":null}},"41":{"start":{"line":77,"column":4},"end":{"line":77,"column":37}},"42":{"start":{"line":80,"column":2},"end":{"line":84,"column":null}},"43":{"start":{"line":81,"column":4},"end":{"line":81,"column":36}},"44":{"start":{"line":83,"column":4},"end":{"line":83,"column":28}},"45":{"start":{"line":70,"column":13},"end":{"line":70,"column":29}},"46":{"start":{"line":89,"column":35},"end":{"line":103,"column":1}},"47":{"start":{"line":90,"column":30},"end":{"line":90,"column":32}},"48":{"start":{"line":92,"column":2},"end":{"line":94,"column":null}},"49":{"start":{"line":92,"column":15},"end":{"line":92,"column":16}},"50":{"start":{"line":93,"column":4},"end":{"line":93,"column":21}},"51":{"start":{"line":96,"column":2},"end":{"line":100,"column":5}},"52":{"start":{"line":97,"column":4},"end":{"line":99,"column":null}},"53":{"start":{"line":97,"column":17},"end":{"line":97,"column":18}},"54":{"start":{"line":98,"column":6},"end":{"line":98,"column":18}},"55":{"start":{"line":102,"column":2},"end":{"line":102,"column":17}},"56":{"start":{"line":89,"column":13},"end":{"line":89,"column":35}},"57":{"start":{"line":105,"column":26},"end":{"line":138,"column":1}},"58":{"start":{"line":106,"column":34},"end":{"line":106,"column":38}},"59":{"start":{"line":108,"column":2},"end":{"line":110,"column":null}},"60":{"start":{"line":109,"column":4},"end":{"line":109,"column":11}},"61":{"start":{"line":112,"column":18},"end":{"line":112,"column":36}},"62":{"start":{"line":113,"column":15},"end":{"line":113,"column":32}},"63":{"start":{"line":115,"column":30},"end":{"line":115,"column":32}},"64":{"start":{"line":117,"column":2},"end":{"line":135,"column":5}},"65":{"start":{"line":118,"column":4},"end":{"line":118,"column":21}},"66":{"start":{"line":120,"column":4},"end":{"line":124,"column":null}},"67":{"start":{"line":121,"column":6},"end":{"line":123,"column":null}},"68":{"start":{"line":121,"column":19},"end":{"line":121,"column":20}},"69":{"start":{"line":122,"column":8},"end":{"line":122,"column":31}},"70":{"start":{"line":126,"column":4},"end":{"line":134,"column":null}},"71":{"start":{"line":127,"column":6},"end":{"line":133,"column":null}},"72":{"start":{"line":127,"column":19},"end":{"line":127,"column":20}},"73":{"start":{"line":128,"column":8},"end":{"line":132,"column":null}},"74":{"start":{"line":129,"column":10},"end":{"line":129,"column":33}},"75":{"start":{"line":131,"column":10},"end":{"line":131,"column":33}},"76":{"start":{"line":137,"column":2},"end":{"line":137,"column":17}},"77":{"start":{"line":105,"column":13},"end":{"line":105,"column":26}},"78":{"start":{"line":140,"column":35},"end":{"line":154,"column":1}},"79":{"start":{"line":141,"column":34},"end":{"line":141,"column":38}},"80":{"start":{"line":143,"column":2},"end":{"line":145,"column":null}},"81":{"start":{"line":144,"column":4},"end":{"line":144,"column":51}},"82":{"start":{"line":147,"column":15},"end":{"line":147,"column":33}},"83":{"start":{"line":148,"column":18},"end":{"line":148,"column":35}},"84":{"start":{"line":150,"column":27},"end":{"line":150,"column":61}},"85":{"start":{"line":151,"column":18},"end":{"line":151,"column":52}},"86":{"start":{"line":153,"column":2},"end":{"line":153,"column":17}},"87":{"start":{"line":140,"column":13},"end":{"line":140,"column":35}}},"fnMap":{"0":{"name":"(anonymous_0)","decl":{"start":{"line":3,"column":28},"end":{"line":3,"column":29}},"loc":{"start":{"line":3,"column":49},"end":{"line":15,"column":1}}},"1":{"name":"(anonymous_1)","decl":{"start":{"line":6,"column":15},"end":{"line":6,"column":16}},"loc":{"start":{"line":6,"column":26},"end":{"line":12,"column":3}}},"2":{"name":"(anonymous_2)","decl":{"start":{"line":7,"column":16},"end":{"line":7,"column":17}},"loc":{"start":{"line":7,"column":27},"end":{"line":11,"column":5}}},"3":{"name":"(anonymous_3)","decl":{"start":{"line":17,"column":36},"end":{"line":17,"column":null}},"loc":{"start":{"line":21,"column":4},"end":{"line":56,"column":1}}},"4":{"name":"(anonymous_4)","decl":{"start":{"line":25,"column":20},"end":{"line":25,"column":21}},"loc":{"start":{"line":25,"column":31},"end":{"line":54,"column":3}}},"5":{"name":"(anonymous_5)","decl":{"start":{"line":58,"column":31},"end":{"line":58,"column":32}},"loc":{"start":{"line":58,"column":49},"end":{"line":68,"column":1}}},"6":{"name":"(anonymous_6)","decl":{"start":{"line":61,"column":14},"end":{"line":61,"column":15}},"loc":{"start":{"line":61,"column":22},"end":{"line":65,"column":3}}},"7":{"name":"(anonymous_7)","decl":{"start":{"line":70,"column":29},"end":{"line":70,"column":30}},"loc":{"start":{"line":70,"column":66},"end":{"line":85,"column":1}}},"8":{"name":"(anonymous_8)","decl":{"start":{"line":76,"column":43},"end":{"line":76,"column":44}},"loc":{"start":{"line":77,"column":4},"end":{"line":77,"column":37}}},"9":{"name":"(anonymous_9)","decl":{"start":{"line":89,"column":35},"end":{"line":89,"column":36}},"loc":{"start":{"line":89,"column":69},"end":{"line":103,"column":1}}},"10":{"name":"(anonymous_10)","decl":{"start":{"line":96,"column":18},"end":{"line":96,"column":19}},"loc":{"start":{"line":96,"column":26},"end":{"line":100,"column":3}}},"11":{"name":"(anonymous_11)","decl":{"start":{"line":105,"column":26},"end":{"line":105,"column":27}},"loc":{"start":{"line":105,"column":63},"end":{"line":138,"column":1}}},"12":{"name":"(anonymous_12)","decl":{"start":{"line":117,"column":15},"end":{"line":117,"column":16}},"loc":{"start":{"line":117,"column":33},"end":{"line":135,"column":3}}},"13":{"name":"(anonymous_13)","decl":{"start":{"line":140,"column":35},"end":{"line":140,"column":36}},"loc":{"start":{"line":140,"column":54},"end":{"line":154,"column":1}}}},"branchMap":{"0":{"loc":{"start":{"line":8,"column":6},"end":{"line":10,"column":null}},"type":"if","locations":[{"start":{"line":8,"column":6},"end":{"line":10,"column":null}}]},"1":{"loc":{"start":{"line":34,"column":10},"end":{"line":37,"column":34}},"type":"binary-expr","locations":[{"start":{"line":34,"column":10},"end":{"line":34,"column":25}},{"start":{"line":35,"column":10},"end":{"line":35,"column":25}},{"start":{"line":36,"column":10},"end":{"line":36,"column":31}},{"start":{"line":37,"column":10},"end":{"line":37,"column":34}}]},"2":{"loc":{"start":{"line":41,"column":8},"end":{"line":45,"column":null}},"type":"if","locations":[{"start":{"line":41,"column":8},"end":{"line":45,"column":null}},{"start":{"line":43,"column":15},"end":{"line":45,"column":null}}]},"3":{"loc":{"start":{"line":51,"column":4},"end":{"line":53,"column":null}},"type":"if","locations":[{"start":{"line":51,"column":4},"end":{"line":53,"column":null}}]},"4":{"loc":{"start":{"line":62,"column":4},"end":{"line":64,"column":null}},"type":"if","locations":[{"start":{"line":62,"column":4},"end":{"line":64,"column":null}}]},"5":{"loc":{"start":{"line":80,"column":2},"end":{"line":84,"column":null}},"type":"if","locations":[{"start":{"line":80,"column":2},"end":{"line":84,"column":null}},{"start":{"line":82,"column":9},"end":{"line":84,"column":null}}]},"6":{"loc":{"start":{"line":108,"column":2},"end":{"line":110,"column":null}},"type":"if","locations":[{"start":{"line":108,"column":2},"end":{"line":110,"column":null}}]},"7":{"loc":{"start":{"line":108,"column":6},"end":{"line":108,"column":52}},"type":"binary-expr","locations":[{"start":{"line":108,"column":6},"end":{"line":108,"column":27}},{"start":{"line":108,"column":31},"end":{"line":108,"column":52}}]},"8":{"loc":{"start":{"line":120,"column":4},"end":{"line":124,"column":null}},"type":"if","locations":[{"start":{"line":120,"column":4},"end":{"line":124,"column":null}}]},"9":{"loc":{"start":{"line":126,"column":4},"end":{"line":134,"column":null}},"type":"if","locations":[{"start":{"line":126,"column":4},"end":{"line":134,"column":null}}]},"10":{"loc":{"start":{"line":128,"column":8},"end":{"line":132,"column":null}},"type":"if","locations":[{"start":{"line":128,"column":8},"end":{"line":132,"column":null}},{"start":{"line":130,"column":15},"end":{"line":132,"column":null}}]},"11":{"loc":{"start":{"line":143,"column":2},"end":{"line":145,"column":null}},"type":"if","locations":[{"start":{"line":143,"column":2},"end":{"line":145,"column":null}}]},"12":{"loc":{"start":{"line":143,"column":6},"end":{"line":143,"column":52}},"type":"binary-expr","locations":[{"start":{"line":143,"column":6},"end":{"line":143,"column":27}},{"start":{"line":143,"column":31},"end":{"line":143,"column":52}}]}},"s":{"0":1,"1":0,"2":0,"3":0,"4":0,"5":0,"6":0,"7":1,"8":1,"9":0,"10":0,"11":0,"12":0,"13":0,"14":0,"15":0,"16":0,"17":0,"18":0,"19":0,"20":0,"21":0,"22":0,"23":0,"24":0,"25":0,"26":0,"27":0,"28":1,"29":1,"30":0,"31":0,"32":0,"33":0,"34":0,"35":1,"36":1,"37":0,"38":0,"39":0,"40":0,"41":0,"42":0,"43":0,"44":0,"45":1,"46":1,"47":0,"48":0,"49":0,"50":0,"51":0,"52":0,"53":0,"54":0,"55":0,"56":1,"57":1,"58":1,"59":1,"60":0,"61":1,"62":1,"63":1,"64":1,"65":4,"66":4,"67":1,"68":1,"69":3,"70":4,"71":3,"72":3,"73":9,"74":6,"75":3,"76":1,"77":1,"78":1,"79":0,"80":0,"81":0,"82":0,"83":0,"84":0,"85":0,"86":0,"87":1},"f":{"0":0,"1":0,"2":0,"3":0,"4":0,"5":0,"6":0,"7":0,"8":0,"9":0,"10":0,"11":1,"12":4,"13":0},"b":{"0":[0],"1":[0,0,0,0],"2":[0,0],"3":[0],"4":[0],"5":[0,0],"6":[0],"7":[1,1],"8":[1],"9":[3],"10":[6,3],"11":[0],"12":[0,0]}}
}
