TN:
SF:src\poker\utilities.ts
FN:3,(anonymous_0)
FN:4,(anonymous_1)
FN:7,(anonymous_2)
FN:8,(anonymous_3)
FN:20,(anonymous_4)
FN:21,(anonymous_5)
FN:44,(anonymous_6)
FN:51,(anonymous_7)
FN:52,(anonymous_8)
FN:58,(anonymous_9)
FN:63,(anonymous_10)
FNF:11
FNH:11
FNDA:5,(anonymous_0)
FNDA:55,(anonymous_1)
FNDA:46,(anonymous_2)
FNDA:73,(anonymous_3)
FNDA:7,(anonymous_4)
FNDA:49,(anonymous_5)
FNDA:2,(anonymous_6)
FNDA:4,(anonymous_7)
FNDA:19,(anonymous_8)
FNDA:7,(anonymous_9)
FNDA:2,(anonymous_10)
DA:3,1
DA:4,55
DA:7,1
DA:8,46
DA:9,73
DA:11,73
DA:12,29
DA:14,44
DA:17,46
DA:20,1
DA:21,7
DA:22,49
DA:23,7
DA:26,42
DA:28,42
DA:29,15
DA:32,27
DA:34,27
DA:37,7
DA:38,3
DA:41,4
DA:44,1
DA:45,2
DA:46,2
DA:48,2
DA:51,1
DA:52,4
DA:53,19
DA:54,19
DA:57,4
DA:58,7
DA:60,4
DA:63,1
DA:64,2
DA:65,2
DA:66,2
DA:67,2
DA:69,2
DA:70,1
DA:73,1
LF:40
LH:40
BRDA:9,0,0,29
BRDA:9,0,1,44
BRDA:9,1,0,73
BRDA:9,1,1,73
BRDA:11,2,0,29
BRDA:22,3,0,7
BRDA:28,4,0,15
BRDA:37,5,0,3
BRDA:53,6,0,11
BRDA:53,6,1,8
BRDA:60,7,0,4
BRDA:60,7,1,2
BRDA:60,8,0,2
BRDA:60,8,1,2
BRDA:60,9,0,4
BRDA:60,9,1,4
BRDA:69,10,0,1
BRDA:69,11,0,2
BRDA:69,11,1,1
BRF:19
BRH:19
end_of_record
TN:
SF:src\tetris\utilities.ts
FN:3,(anonymous_0)
FN:6,(anonymous_1)
FN:7,(anonymous_2)
FN:17,(anonymous_3)
FN:25,(anonymous_4)
FN:58,(anonymous_5)
FN:61,(anonymous_6)
FN:70,(anonymous_7)
FN:76,(anonymous_8)
FN:89,(anonymous_9)
FN:96,(anonymous_10)
FN:105,(anonymous_11)
FN:117,(anonymous_12)
FN:140,(anonymous_13)
FNF:14
FNH:14
FNDA:10,(anonymous_0)
FNDA:35,(anonymous_1)
FNDA:169,(anonymous_2)
FNDA:10,(anonymous_3)
FNDA:132,(anonymous_4)
FNDA:33,(anonymous_5)
FNDA:111,(anonymous_6)
FNDA:9,(anonymous_7)
FNDA:31,(anonymous_8)
FNDA:1,(anonymous_9)
FNDA:4,(anonymous_10)
FNDA:1,(anonymous_11)
FNDA:4,(anonymous_12)
FNDA:1,(anonymous_13)
DA:3,1
DA:4,10
DA:6,10
DA:7,35
DA:8,169
DA:9,132
DA:14,10
DA:17,1
DA:22,10
DA:23,10
DA:25,10
DA:26,132
DA:28,132
DA:29,176
DA:30,333
DA:31,333
DA:34,333
DA:39,333
DA:41,333
DA:42,53
DA:44,280
DA:47,333
DA:51,132
DA:52,111
DA:55,10
DA:58,1
DA:59,33
DA:61,33
DA:62,111
DA:63,30
DA:67,33
DA:70,1
DA:71,9
DA:73,9
DA:74,9
DA:76,9
DA:77,31
DA:80,9
DA:81,2
DA:83,7
DA:89,1
DA:90,1
DA:92,1
DA:93,4
DA:96,1
DA:97,4
DA:98,12
DA:102,1
DA:105,1
DA:106,1
DA:108,1
DA:109,0
DA:112,1
DA:113,1
DA:115,1
DA:117,1
DA:118,4
DA:120,4
DA:121,1
DA:122,3
DA:126,4
DA:127,3
DA:128,9
DA:129,6
DA:131,3
DA:137,1
DA:140,1
DA:141,1
DA:143,1
DA:144,1
DA:147,0
DA:148,0
DA:150,0
DA:151,0
DA:153,0
LF:75
LH:69
BRDA:8,0,0,132
BRDA:34,1,0,333
BRDA:34,1,1,333
BRDA:34,1,2,333
BRDA:34,1,3,309
BRDA:41,2,0,53
BRDA:41,2,1,280
BRDA:51,3,0,111
BRDA:62,4,0,30
BRDA:80,5,0,2
BRDA:80,5,1,7
BRDA:108,6,0,0
BRDA:108,7,0,1
BRDA:108,7,1,1
BRDA:120,8,0,1
BRDA:126,9,0,3
BRDA:128,10,0,6
BRDA:128,10,1,3
BRDA:143,11,0,1
BRDA:143,12,0,1
BRDA:143,12,1,0
BRF:21
BRH:19
end_of_record
