TN:
SF:src\utilities.ts
FN:3,(anonymous_0)
FN:6,(anonymous_1)
FN:7,(anonymous_2)
FN:17,(anonymous_3)
FN:25,(anonymous_4)
FN:58,(anonymous_5)
FN:61,(anonymous_6)
FN:70,(anonymous_7)
FN:76,(anonymous_8)
FN:89,(anonymous_9)
FN:96,(anonymous_10)
FN:105,(anonymous_11)
FN:117,(anonymous_12)
FN:140,(anonymous_13)
FNF:14
FNH:2
FNDA:0,(anonymous_0)
FNDA:0,(anonymous_1)
FNDA:0,(anonymous_2)
FNDA:0,(anonymous_3)
FNDA:0,(anonymous_4)
FNDA:0,(anonymous_5)
FNDA:0,(anonymous_6)
FNDA:0,(anonymous_7)
FNDA:0,(anonymous_8)
FNDA:0,(anonymous_9)
FNDA:0,(anonymous_10)
FNDA:1,(anonymous_11)
FNDA:4,(anonymous_12)
FNDA:0,(anonymous_13)
DA:3,1
DA:4,0
DA:6,0
DA:7,0
DA:8,0
DA:9,0
DA:14,0
DA:17,1
DA:22,0
DA:23,0
DA:25,0
DA:26,0
DA:28,0
DA:29,0
DA:30,0
DA:31,0
DA:34,0
DA:39,0
DA:41,0
DA:42,0
DA:44,0
DA:47,0
DA:51,0
DA:52,0
DA:55,0
DA:58,1
DA:59,0
DA:61,0
DA:62,0
DA:63,0
DA:67,0
DA:70,1
DA:71,0
DA:73,0
DA:74,0
DA:76,0
DA:77,0
DA:80,0
DA:81,0
DA:83,0
DA:89,1
DA:90,0
DA:92,0
DA:93,0
DA:96,0
DA:97,0
DA:98,0
DA:102,0
DA:105,1
DA:106,1
DA:108,1
DA:109,0
DA:112,1
DA:113,1
DA:115,1
DA:117,1
DA:118,4
DA:120,4
DA:121,1
DA:122,3
DA:126,4
DA:127,3
DA:128,9
DA:129,6
DA:131,3
DA:137,1
DA:140,1
DA:141,0
DA:143,0
DA:144,0
DA:147,0
DA:148,0
DA:150,0
DA:151,0
DA:153,0
LF:75
LH:23
BRDA:8,0,0,0
BRDA:34,1,0,0
BRDA:34,1,1,0
BRDA:34,1,2,0
BRDA:34,1,3,0
BRDA:41,2,0,0
BRDA:41,2,1,0
BRDA:51,3,0,0
BRDA:62,4,0,0
BRDA:80,5,0,0
BRDA:80,5,1,0
BRDA:108,6,0,0
BRDA:108,7,0,1
BRDA:108,7,1,1
BRDA:120,8,0,1
BRDA:126,9,0,3
BRDA:128,10,0,6
BRDA:128,10,1,3
BRDA:143,11,0,0
BRDA:143,12,0,0
BRDA:143,12,1,0
BRF:21
BRH:6
end_of_record
